# JRE version: Java(TM) SE Runtime Environment 18.9 (11.0.11+9) (build 11.0.11+9-LTS-194)
# Java VM: Java HotSpot(TM) 64-Bit Server VM 18.9 (11.0.11+9-LTS-194, mixed mode, tiered, compressed oops, g1 gc, windows-amd64)
Heap:
 garbage-first heap   total 61440K, used 41394K [0x0000000700c00000, 0x0000000800000000)
  region size 1024K, 24 young (24576K), 3 survivors (3072K)
 Metaspace       used 47362K, capacity 49628K, committed 49836K, reserved 1091584K
  class space    used 5941K, capacity 6839K, committed 6912K, reserved 1048576K
GC Heap History (10 events):
Event: 1701.469 GC heap after
{Heap after GC invocations=32 (full 8):
 garbage-first heap   total 61440K, used 20684K [0x0000000700c00000, 0x0000000800000000)
  region size 1024K, 3 young (3072K), 3 survivors (3072K)
 Metaspace       used 47169K, capacity 49333K, committed 49452K, reserved 1091584K
  class space    used 5916K, capacity 6762K, committed 6784K, reserved 1048576K
}
Event: 2701.713 GC heap before
{Heap before GC invocations=32 (full 8):
 garbage-first heap   total 61440K, used 48332K [0x0000000700c00000, 0x0000000800000000)
  region size 1024K, 30 young (30720K), 3 survivors (3072K)
 Metaspace       used 47237K, capacity 49441K, committed 49580K, reserved 1091584K
  class space    used 5925K, capacity 6798K, committed 6912K, reserved 1048576K
}
Event: 2701.716 GC heap after
{Heap after GC invocations=33 (full 8):
 garbage-first heap   total 61440K, used 20440K [0x0000000700c00000, 0x0000000800000000)
  region size 1024K, 2 young (2048K), 2 survivors (2048K)
 Metaspace       used 47237K, capacity 49441K, committed 49580K, reserved 1091584K
  class space    used 5925K, capacity 6798K, committed 6912K, reserved 1048576K
}
Event: 2701.720 GC heap before
{Heap before GC invocations=33 (full 8):
 garbage-first heap   total 61440K, used 20440K [0x0000000700c00000, 0x0000000800000000)
  region size 1024K, 3 young (3072K), 2 survivors (2048K)
 Metaspace       used 47237K, capacity 49441K, committed 49580K, reserved 1091584K
  class space    used 5925K, capacity 6798K, committed 6912K, reserved 1048576K
}
Event: 2701.756 GC heap after
{Heap after GC invocations=34 (full 9):
 garbage-first heap   total 61440K, used 17816K [0x0000000700c00000, 0x0000000800000000)
  region size 1024K, 0 young (0K), 0 survivors (0K)
 Metaspace       used 47233K, capacity 49432K, committed 49580K, reserved 1091584K
  class space    used 5924K, capacity 6795K, committed 6912K, reserved 1048576K
}
Event: 2702.033 GC heap before
{Heap before GC invocations=34 (full 9):
 garbage-first heap   total 61440K, used 47512K [0x0000000700c00000, 0x0000000800000000)
  region size 1024K, 29 young (29696K), 0 survivors (0K)
 Metaspace       used 47234K, capacity 49438K, committed 49580K, reserved 1091584K
  class space    used 5924K, capacity 6797K, committed 6912K, reserved 1048576K
}
Event: 2702.035 GC heap after
{Heap after GC invocations=35 (full 9):
 garbage-first heap   total 61440K, used 19852K [0x0000000700c00000, 0x0000000800000000)
  region size 1024K, 2 young (2048K), 2 survivors (2048K)
 Metaspace       used 47234K, capacity 49438K, committed 49580K, reserved 1091584K
  class space    used 5924K, capacity 6797K, committed 6912K, reserved 1048576K
}
Event: 2702.287 GC heap before
{Heap before GC invocations=35 (full 9):
 garbage-first heap   total 61440K, used 47500K [0x0000000700c00000, 0x0000000800000000)
  region size 1024K, 29 young (29696K), 2 survivors (2048K)
 Metaspace       used 47289K, capacity 49520K, committed 49836K, reserved 1091584K
  class space    used 5931K, capacity 6803K, committed 6912K, reserved 1048576K
}
Event: 2702.290 GC heap after
{Heap after GC invocations=36 (full 9):
 garbage-first heap   total 61440K, used 20779K [0x0000000700c00000, 0x0000000800000000)
  region size 1024K, 3 young (3072K), 3 survivors (3072K)
 Metaspace       used 47289K, capacity 49520K, committed 49836K, reserved 1091584K
  class space    used 5931K, capacity 6803K, committed 6912K, reserved 1048576K
}
Event: 3147.718 GC heap before
{Heap before GC invocations=36 (full 9):
 garbage-first heap   total 61440K, used 40235K [0x0000000700c00000, 0x0000000800000000)
  region size 1024K, 24 young (24576K), 3 survivors (3072K)
 Metaspace       used 47362K, capacity 49628K, committed 49836K, reserved 1091584K
  class space    used 5941K, capacity 6839K, committed 6912K, reserved 1048576K
}

